<?xml version="1.0" encoding="UTF-8"?>
<!-- Generated by org.testng.reporters.JUnitReportReporter -->
<testsuite hostname="K473LTRV" failures="0" tests="2" name="com.ust.lenskart.testcases.StoreLocatorTest" time="14.061" errors="0" timestamp="2024-04-25T11:54:03 IST" skipped="0">
  <testcase classname="com.ust.lenskart.testcases.StoreLocatorTest" name="searchCity" time="5.566"/>
  <testcase classname="com.ust.lenskart.testcases.StoreLocatorTest" name="gotoLocator" time="8.495"/>
</testsuite> <!-- com.ust.lenskart.testcases.StoreLocatorTest -->
