<?xml version="1.0" encoding="UTF-8"?>
<!-- Generated by org.testng.reporters.JUnitReportReporter -->
<testsuite hostname="K425LTRV" failures="0" tests="2" name="com.ust.lenskart.testcases.TestItemSearch" time="19.775" errors="0" timestamp="2024-05-09T09:46:50 IST" skipped="0">
  <testcase classname="com.ust.lenskart.testcases.TestItemSearch" name="testEnterSearchBox" time="12.132"/>
  <testcase classname="com.ust.lenskart.testcases.TestItemSearch" name="testInvalidSearchItem" time="7.643"/>
</testsuite> <!-- com.ust.lenskart.testcases.TestItemSearch -->
