<?xml version="1.0" encoding="UTF-8"?>
<!-- Generated by org.testng.reporters.JUnitReportReporter -->
<testsuite hostname="K425LTRV" failures="0" tests="3" name="com.ust.lenskart.testcases.TestSearchItem" time="60.199" errors="0" timestamp="2024-04-23T14:58:10 IST" skipped="0">
  <testcase classname="com.ust.lenskart.testcases.TestSearchItem" name="testEnterSearchBox" time="14.861"/>
  <testcase classname="com.ust.lenskart.testcases.TestSearchItem" name="testSetFilters" time="43.766"/>
  <testcase classname="com.ust.lenskart.testcases.TestSearchItem" name="testResetFilters" time="1.572"/>
</testsuite> <!-- com.ust.lenskart.testcases.TestSearchItem -->
