<?xml version="1.0" encoding="UTF-8"?>
<!-- Generated by org.testng.reporters.JUnitReportReporter -->
<testsuite hostname="K425LTRV" failures="0" tests="2" name="com.ust.lenskart.testcases.TestWishListEmpty" time="16.836" errors="0" timestamp="2024-04-30T10:41:35 IST" skipped="0">
  <testcase classname="com.ust.lenskart.testcases.TestWishListEmpty" name="testEnterSearchBox" time="15.378"/>
  <testcase classname="com.ust.lenskart.testcases.TestWishListEmpty" name="testWishList" time="1.458"/>
</testsuite> <!-- com.ust.lenskart.testcases.TestWishListEmpty -->
