<?xml version="1.0" encoding="UTF-8"?>
<!-- Generated by org.testng.reporters.JUnitReportReporter -->
<testsuite hostname="K425LTRV" failures="0" tests="6" name="com.ust.lenskart.testcases.TestChatBot" time="52.474" errors="0" timestamp="2024-04-30T09:44:45 IST" skipped="0">
  <testcase classname="com.ust.lenskart.testcases.TestChatBot" name="testEnterSearchBox" time="0.603"/>
  <testcase classname="com.ust.lenskart.testcases.TestChatBot" name="testChatBot" time="6.102"/>
  <testcase classname="com.ust.lenskart.testcases.TestChatBot" name="testChatNewConversation" time="6.474"/>
  <testcase classname="com.ust.lenskart.testcases.TestChatBot" name="testChatBotSuggestion" time="12.582"/>
  <testcase classname="com.ust.lenskart.testcases.TestChatBot" name="testChatBotSuggestion" time="14.038"/>
  <testcase classname="com.ust.lenskart.testcases.TestChatBot" name="testChatBotSuggestion" time="12.675"/>
</testsuite> <!-- com.ust.lenskart.testcases.TestChatBot -->
