<?xml version="1.0" encoding="UTF-8"?>
<!-- Generated by org.testng.reporters.JUnitReportReporter -->
<<<<<<< HEAD
<testsuite hostname="K473LTRV" failures="0" tests="2" name="com.ust.lenskart.testcases.TestItemSearch" time="15.820" errors="0" timestamp="2024-05-06T11:44:10 IST" skipped="0">
  <testcase classname="com.ust.lenskart.testcases.TestItemSearch" name="testEnterSearchBox" time="8.730"/>
  <testcase classname="com.ust.lenskart.testcases.TestItemSearch" name="testInvalidSearchItem" time="7.090"/>
=======
<testsuite hostname="K425LTRV" failures="0" tests="2" name="com.ust.lenskart.testcases.TestItemSearch" time="29.478" errors="0" timestamp="2024-05-06T15:12:20 IST" skipped="0">
  <testcase classname="com.ust.lenskart.testcases.TestItemSearch" name="testEnterSearchBox" time="17.995"/>
  <testcase classname="com.ust.lenskart.testcases.TestItemSearch" name="testInvalidSearchItem" time="11.483"/>
>>>>>>> finaltouch
</testsuite> <!-- com.ust.lenskart.testcases.TestItemSearch -->
