<?xml version="1.0" encoding="UTF-8"?>
<!-- Generated by org.testng.reporters.JUnitReportReporter -->
<testsuite hostname="K473LTRV" failures="0" tests="2" name="com.ust.lenskart.testcases.SpecialTest" time="2.154" errors="0" timestamp="2024-05-09T22:43:49 IST" skipped="0">
  <testcase classname="com.ust.lenskart.testcases.SpecialTest" name="gotoCart" time="0.436"/>
  <testcase classname="com.ust.lenskart.testcases.SpecialTest" name="getColor" time="1.718"/>
</testsuite> <!-- com.ust.lenskart.testcases.SpecialTest -->
