<?xml version="1.0" encoding="UTF-8"?>
<!-- Generated by org.testng.reporters.JUnitReportReporter -->
<testsuite hostname="K473LTRV" failures="0" tests="6" name="com.ust.lenskart.testcases.TestChatBot" time="32.716" errors="0" timestamp="2024-05-06T09:49:43 IST" skipped="0">
  <testcase classname="com.ust.lenskart.testcases.TestChatBot" name="testEnterSearchBox" time="0.066"/>
  <testcase classname="com.ust.lenskart.testcases.TestChatBot" name="testChatBot" time="0.796"/>
  <testcase classname="com.ust.lenskart.testcases.TestChatBot" name="testChatNewConversation" time="3.042"/>
  <testcase classname="com.ust.lenskart.testcases.TestChatBot" name="testChatBotSuggestion" time="9.710"/>
  <testcase classname="com.ust.lenskart.testcases.TestChatBot" name="testChatBotSuggestion" time="9.588"/>
  <testcase classname="com.ust.lenskart.testcases.TestChatBot" name="testChatBotSuggestion" time="9.514"/>
</testsuite> <!-- com.ust.lenskart.testcases.TestChatBot -->
