<?xml version="1.0" encoding="UTF-8"?>
<!-- Generated by org.testng.reporters.JUnitReportReporter -->
<testsuite hostname="K473LTRV" failures="0" tests="3" name="com.ust.lenskart.testcases.TestSortBy" time="151.369" errors="0" timestamp="2024-05-03T17:23:36 IST" skipped="0">
  <testcase classname="com.ust.lenskart.testcases.TestSortBy" name="testEnterSearchBox" time="6.040"/>
  <testcase classname="com.ust.lenskart.testcases.TestSortBy" name="TsetSortByLowToHigh" time="73.045"/>
  <testcase classname="com.ust.lenskart.testcases.TestSortBy" name="TsetSortByHighToLow" time="72.284"/>
</testsuite> <!-- com.ust.lenskart.testcases.TestSortBy -->
