<?xml version="1.0" encoding="UTF-8"?>
<!-- Generated by org.testng.reporters.JUnitReportReporter -->
<<<<<<< HEAD
<testsuite hostname="K425LTRV" failures="0" tests="2" name="com.ust.lenskart.testcases.TestAddingtoWishList" time="37.531" errors="0" timestamp="2024-04-30T17:57:41 IST" skipped="0">
  <testcase classname="com.ust.lenskart.testcases.TestAddingtoWishList" name="testEnterSearchBox" time="26.552"/>
  <testcase classname="com.ust.lenskart.testcases.TestAddingtoWishList" name="testAssingToWishList" time="10.979"/>
=======
<testsuite hostname="K425LTRV" failures="0" tests="2" name="com.ust.lenskart.testcases.TestAddingtoWishList" time="24.096" errors="0" timestamp="2024-04-30T22:19:00 IST" skipped="0">
  <testcase classname="com.ust.lenskart.testcases.TestAddingtoWishList" name="testEnterSearchBox" time="14.720"/>
  <testcase classname="com.ust.lenskart.testcases.TestAddingtoWishList" name="testAssingToWishList" time="9.376"/>
>>>>>>> searchitempage
</testsuite> <!-- com.ust.lenskart.testcases.TestAddingtoWishList -->
