<?xml version="1.0" encoding="UTF-8"?>
<!-- Generated by org.testng.reporters.JUnitReportReporter -->
<testsuite hostname="K425LTRV" failures="0" tests="6" name="com.ust.lenskart.testcases.TestChatBot" time="39.494" errors="0" timestamp="2024-05-07T08:45:28 IST" skipped="0">
  <testcase classname="com.ust.lenskart.testcases.TestChatBot" name="testEnterSearchBox" time="1.076"/>
  <testcase classname="com.ust.lenskart.testcases.TestChatBot" name="testChatBot" time="1.148"/>
  <testcase classname="com.ust.lenskart.testcases.TestChatBot" name="testChatNewConversation" time="5.324"/>
  <testcase classname="com.ust.lenskart.testcases.TestChatBot" name="testChatBotSuggestion" time="12.296"/>
  <testcase classname="com.ust.lenskart.testcases.TestChatBot" name="testChatBotSuggestion" time="9.682"/>
  <testcase classname="com.ust.lenskart.testcases.TestChatBot" name="testChatBotSuggestion" time="9.968"/>
</testsuite> <!-- com.ust.lenskart.testcases.TestChatBot -->
