<?xml version="1.0" encoding="UTF-8"?>
<!-- Generated by org.testng.reporters.JUnitReportReporter -->
<testsuite hostname="K425LTRV" failures="0" tests="2" name="com.ust.lenskart.testcases.TestItemSearch" time="29.318" errors="0" timestamp="2024-05-07T08:45:28 IST" skipped="0">
  <testcase classname="com.ust.lenskart.testcases.TestItemSearch" name="testEnterSearchBox" time="17.065"/>
  <testcase classname="com.ust.lenskart.testcases.TestItemSearch" name="testInvalidSearchItem" time="12.253"/>
</testsuite> <!-- com.ust.lenskart.testcases.TestItemSearch -->
