<?xml version="1.0" encoding="UTF-8"?>
<!-- Generated by org.testng.reporters.JUnitReportReporter -->
<testsuite hostname="K473LTRV" failures="0" tests="1" name="com.ust.lenskart.testrunner.TestRunner" time="41.214" errors="0" timestamp="2024-04-25T11:55:31 IST" skipped="0">
  <testcase classname="com.ust.lenskart.testrunner.TestRunner" name="runScenario" time="41.214"/>
</testsuite> <!-- com.ust.lenskart.testrunner.TestRunner -->
