<?xml version="1.0" encoding="UTF-8"?>
<!-- Generated by org.testng.reporters.JUnitReportReporter -->
<testsuite hostname="K425LTRV" failures="0" tests="2" name="com.ust.lenskart.testcases.TestAddingtoWishList" time="37.531" errors="0" timestamp="2024-04-30T17:57:41 IST" skipped="0">
  <testcase classname="com.ust.lenskart.testcases.TestAddingtoWishList" name="testEnterSearchBox" time="26.552"/>
  <testcase classname="com.ust.lenskart.testcases.TestAddingtoWishList" name="testAssingToWishList" time="10.979"/>
</testsuite> <!-- com.ust.lenskart.testcases.TestAddingtoWishList -->
