<?xml version="1.0" encoding="UTF-8"?>
<!-- Generated by org.testng.reporters.JUnitReportReporter -->
<testsuite hostname="K473LTRV" failures="0" tests="6" name="com.ust.lenskart.testcases.TestChatBot" time="69.877" errors="0" timestamp="2024-04-29T17:42:48 IST" skipped="0">
  <testcase classname="com.ust.lenskart.testcases.TestChatBot" name="testEnterSearchBox" time="2.443"/>
  <testcase classname="com.ust.lenskart.testcases.TestChatBot" name="testChatBot" time="17.187"/>
  <testcase classname="com.ust.lenskart.testcases.TestChatBot" name="testChatNewConversation" time="11.292"/>
  <testcase classname="com.ust.lenskart.testcases.TestChatBot" name="testChatBotSuggestion" time="10.778"/>
  <testcase classname="com.ust.lenskart.testcases.TestChatBot" name="testChatBotSuggestion" time="16.256"/>
  <testcase classname="com.ust.lenskart.testcases.TestChatBot" name="testChatBotSuggestion" time="11.921"/>
</testsuite> <!-- com.ust.lenskart.testcases.TestChatBot -->
