<?xml version="1.0" encoding="UTF-8"?>
<!-- Generated by org.testng.reporters.JUnitReportReporter -->
<testsuite hostname="K473LTRV" failures="0" tests="2" name="com.ust.lenskart.testcases.StoreLocatorTest" time="12.791" errors="0" timestamp="2024-04-22T22:25:29 IST" skipped="0">
  <testcase classname="com.ust.lenskart.testcases.StoreLocatorTest" name="searchCity" time="5.283"/>
  <testcase classname="com.ust.lenskart.testcases.StoreLocatorTest" name="gotoLocator" time="7.508"/>
</testsuite> <!-- com.ust.lenskart.testcases.StoreLocatorTest -->
