<?xml version="1.0" encoding="UTF-8"?>
<!-- Generated by org.testng.reporters.JUnitReportReporter -->
<testsuite hostname="K473LTRV" failures="0" tests="6" name="com.ust.lenskart.testcases.TestChatBot" time="33.435" errors="0" timestamp="2024-05-06T21:18:04 IST" skipped="0">
  <testcase classname="com.ust.lenskart.testcases.TestChatBot" name="testEnterSearchBox" time="1.029"/>
  <testcase classname="com.ust.lenskart.testcases.TestChatBot" name="testChatBot" time="0.728"/>
  <testcase classname="com.ust.lenskart.testcases.TestChatBot" name="testChatNewConversation" time="3.278"/>
  <testcase classname="com.ust.lenskart.testcases.TestChatBot" name="testChatBotSuggestion" time="9.409"/>
  <testcase classname="com.ust.lenskart.testcases.TestChatBot" name="testChatBotSuggestion" time="9.498"/>
  <testcase classname="com.ust.lenskart.testcases.TestChatBot" name="testChatBotSuggestion" time="9.493"/>
</testsuite> <!-- com.ust.lenskart.testcases.TestChatBot -->
