<?xml version="1.0" encoding="UTF-8"?>
<!-- Generated by org.testng.reporters.JUnitReportReporter -->
<testsuite hostname="K473LTRV" failures="0" tests="2" name="com.ust.lenskart.testcases.StoreLocatorTest" time="13.613" errors="0" timestamp="2024-05-09T14:56:44 IST" skipped="0">
  <testcase classname="com.ust.lenskart.testcases.StoreLocatorTest" name="searchCity" time="5.324"/>
  <testcase classname="com.ust.lenskart.testcases.StoreLocatorTest" name="gotoLocator" time="8.289"/>
</testsuite> <!-- com.ust.lenskart.testcases.StoreLocatorTest -->
