<?xml version="1.0" encoding="UTF-8"?>
<!-- Generated by org.testng.reporters.JUnitReportReporter -->
<testsuite hostname="K425LTRV" failures="0" tests="3" name="com.ust.lenskart.testcases.TestSortBy" time="183.537" errors="0" timestamp="2024-05-03T16:58:49 IST" skipped="0">
  <testcase classname="com.ust.lenskart.testcases.TestSortBy" name="testEnterSearchBox" time="10.983"/>
  <testcase classname="com.ust.lenskart.testcases.TestSortBy" name="TsetSortByLowToHigh" time="87.398"/>
  <testcase classname="com.ust.lenskart.testcases.TestSortBy" name="TsetSortByHighToLow" time="85.156"/>
</testsuite> <!-- com.ust.lenskart.testcases.TestSortBy -->
