<?xml version="1.0" encoding="UTF-8"?>
<!-- Generated by org.testng.reporters.JUnitReportReporter -->
<testsuite hostname="K473LTRV" failures="0" tests="3" name="com.ust.lenskart.testrunner.TestRunner" time="84.074" errors="0" timestamp="2024-05-09T12:13:39 IST" skipped="0">
  <testcase classname="com.ust.lenskart.testrunner.TestRunner" name="runScenario" time="29.458"/>
  <testcase classname="com.ust.lenskart.testrunner.TestRunner" name="runScenario" time="30.538"/>
  <testcase classname="com.ust.lenskart.testrunner.TestRunner" name="runScenario" time="24.078"/>
</testsuite> <!-- com.ust.lenskart.testrunner.TestRunner -->
