<?xml version="1.0" encoding="UTF-8"?>
<!-- Generated by org.testng.reporters.JUnitReportReporter -->
<testsuite hostname="K473LTRV" failures="0" tests="9" name="com.ust.lenskart.testrunner.TestRunner" time="259.827" errors="0" timestamp="2024-05-06T14:29:28 IST" skipped="0">
  <testcase classname="com.ust.lenskart.testrunner.TestRunner" name="runScenario" time="16.186"/>
  <testcase classname="com.ust.lenskart.testrunner.TestRunner" name="runScenario" time="21.457"/>
  <testcase classname="com.ust.lenskart.testrunner.TestRunner" name="runScenario" time="22.328"/>
  <testcase classname="com.ust.lenskart.testrunner.TestRunner" name="runScenario" time="24.926"/>
  <testcase classname="com.ust.lenskart.testrunner.TestRunner" name="runScenario" time="39.859"/>
  <testcase classname="com.ust.lenskart.testrunner.TestRunner" name="runScenario" time="45.823"/>
  <testcase classname="com.ust.lenskart.testrunner.TestRunner" name="runScenario" time="26.272"/>
  <testcase classname="com.ust.lenskart.testrunner.TestRunner" name="runScenario" time="39.812"/>
  <testcase classname="com.ust.lenskart.testrunner.TestRunner" name="runScenario" time="23.164"/>
</testsuite> <!-- com.ust.lenskart.testrunner.TestRunner -->
