<?xml version="1.0" encoding="UTF-8"?>
<!-- Generated by org.testng.reporters.JUnitReportReporter -->
<<<<<<< HEAD
<<<<<<< HEAD
<testsuite hostname="K473LTRV" failures="0" tests="2" name="com.ust.lenskart.testcases.StoreLocatorTest" time="12.885" errors="0" timestamp="2024-05-06T12:20:00 IST" skipped="0">
  <testcase classname="com.ust.lenskart.testcases.StoreLocatorTest" name="gotoLocator" time="8.091"/>
  <testcase classname="com.ust.lenskart.testcases.StoreLocatorTest" name="searchCity" time="4.794"/>
=======
<testsuite hostname="K425LTRV" failures="0" tests="2" name="com.ust.lenskart.testcases.StoreLocatorTest" time="19.969" errors="0" timestamp="2024-05-06T15:12:20 IST" skipped="0">
  <testcase classname="com.ust.lenskart.testcases.StoreLocatorTest" name="gotoLocator" time="14.011"/>
  <testcase classname="com.ust.lenskart.testcases.StoreLocatorTest" name="searchCity" time="5.958"/>
>>>>>>> finaltouch
=======
<testsuite hostname="K473LTRV" failures="0" tests="2" name="com.ust.lenskart.testcases.StoreLocatorTest" time="13.853" errors="0" timestamp="2024-05-06T21:18:04 IST" skipped="0">
  <testcase classname="com.ust.lenskart.testcases.StoreLocatorTest" name="gotoLocator" time="8.341"/>
  <testcase classname="com.ust.lenskart.testcases.StoreLocatorTest" name="searchCity" time="5.512"/>
>>>>>>> allure-report
</testsuite> <!-- com.ust.lenskart.testcases.StoreLocatorTest -->
