<?xml version="1.0" encoding="UTF-8"?>
<!-- Generated by org.testng.reporters.JUnitReportReporter -->
<testsuite hostname="K425LTRV" failures="0" tests="5" name="com.ust.lenskart.testcases.TestRemovingFromWishList" time="46.935" errors="0" timestamp="2024-04-30T22:20:28 IST" skipped="0">
  <testcase classname="com.ust.lenskart.testcases.TestRemovingFromWishList" name="testEnterSearchBox" time="15.409"/>
  <testcase classname="com.ust.lenskart.testcases.TestRemovingFromWishList" name="testAddingToWishList" time="9.465"/>
  <testcase classname="com.ust.lenskart.testcases.TestRemovingFromWishList" name="testWishList" time="9.567"/>
  <testcase classname="com.ust.lenskart.testcases.TestRemovingFromWishList" name="testAddingToWishListAgain" time="9.020"/>
  <testcase classname="com.ust.lenskart.testcases.TestRemovingFromWishList" name="testWishListAgain" time="3.474"/>
</testsuite> <!-- com.ust.lenskart.testcases.TestRemovingFromWishList -->
