<?xml version="1.0" encoding="UTF-8"?>
<!-- Generated by org.testng.reporters.JUnitReportReporter -->
<testsuite hostname="K473LTRV" failures="0" tests="2" name="com.ust.lenskart.testcases.TestWishListEmpty" time="13.177" errors="0" timestamp="2024-05-08T11:56:48 IST" skipped="0">
  <testcase classname="com.ust.lenskart.testcases.TestWishListEmpty" name="testWishList" time="2.245"/>
  <testcase classname="com.ust.lenskart.testcases.TestWishListEmpty" name="testEnterSearchBox" time="10.932"/>
</testsuite> <!-- com.ust.lenskart.testcases.TestWishListEmpty -->
