<?xml version="1.0" encoding="UTF-8"?>
<!-- Generated by org.testng.reporters.JUnitReportReporter -->
<testsuite hostname="K473LTRV" failures="0" tests="9" name="com.ust.lenskart.testrunner.TestRunner" time="226.904" errors="0" timestamp="2024-05-06T09:21:29 IST" skipped="0">
  <testcase classname="com.ust.lenskart.testrunner.TestRunner" name="runScenario" time="20.700"/>
  <testcase classname="com.ust.lenskart.testrunner.TestRunner" name="runScenario" time="39.489"/>
  <testcase classname="com.ust.lenskart.testrunner.TestRunner" name="runScenario" time="16.043"/>
  <testcase classname="com.ust.lenskart.testrunner.TestRunner" name="runScenario" time="46.395"/>
  <testcase classname="com.ust.lenskart.testrunner.TestRunner" name="runScenario" time="14.179"/>
  <testcase classname="com.ust.lenskart.testrunner.TestRunner" name="runScenario" time="38.814"/>
  <testcase classname="com.ust.lenskart.testrunner.TestRunner" name="runScenario" time="19.940"/>
  <testcase classname="com.ust.lenskart.testrunner.TestRunner" name="runScenario" time="14.354"/>
  <testcase classname="com.ust.lenskart.testrunner.TestRunner" name="runScenario" time="16.990"/>
</testsuite> <!-- com.ust.lenskart.testrunner.TestRunner -->
