<?xml version="1.0" encoding="UTF-8"?>
<!-- Generated by org.testng.reporters.JUnitReportReporter -->
<testsuite hostname="K473LTRV" failures="0" tests="1" name="com.ust.lenskart.testrunner.TestRunner" time="62.645" errors="0" timestamp="2024-04-29T15:56:44 IST" skipped="0">
  <testcase classname="com.ust.lenskart.testrunner.TestRunner" name="runScenario" time="62.645"/>
</testsuite> <!-- com.ust.lenskart.testrunner.TestRunner -->
