<?xml version="1.0" encoding="UTF-8"?>
<!-- Generated by org.testng.reporters.JUnitReportReporter -->
<testsuite hostname="K473LTRV" failures="0" tests="2" name="com.ust.lenskart.testcases.TestWishListEmpty" time="10.922" errors="0" timestamp="2024-05-09T14:32:52 IST" skipped="0">
  <testcase classname="com.ust.lenskart.testcases.TestWishListEmpty" name="testWishList" time="2.357"/>
  <testcase classname="com.ust.lenskart.testcases.TestWishListEmpty" name="testEnterSearchBox" time="8.565"/>
</testsuite> <!-- com.ust.lenskart.testcases.TestWishListEmpty -->
