<?xml version="1.0" encoding="UTF-8"?>
<!-- Generated by org.testng.reporters.JUnitReportReporter -->
<<<<<<< HEAD
<testsuite hostname="K473LTRV" failures="0" tests="9" name="com.ust.lenskart.testrunner.TestRunner" time="259.827" errors="0" timestamp="2024-05-06T14:29:28 IST" skipped="0">
  <testcase classname="com.ust.lenskart.testrunner.TestRunner" name="runScenario" time="16.186"/>
  <testcase classname="com.ust.lenskart.testrunner.TestRunner" name="runScenario" time="21.457"/>
  <testcase classname="com.ust.lenskart.testrunner.TestRunner" name="runScenario" time="22.328"/>
  <testcase classname="com.ust.lenskart.testrunner.TestRunner" name="runScenario" time="24.926"/>
  <testcase classname="com.ust.lenskart.testrunner.TestRunner" name="runScenario" time="39.859"/>
  <testcase classname="com.ust.lenskart.testrunner.TestRunner" name="runScenario" time="45.823"/>
  <testcase classname="com.ust.lenskart.testrunner.TestRunner" name="runScenario" time="26.272"/>
  <testcase classname="com.ust.lenskart.testrunner.TestRunner" name="runScenario" time="39.812"/>
  <testcase classname="com.ust.lenskart.testrunner.TestRunner" name="runScenario" time="23.164"/>
=======
<testsuite hostname="K425LTRV" failures="0" tests="3" name="com.ust.lenskart.testrunner.TestRunner" time="76.058" errors="3" timestamp="2024-05-06T15:54:20 IST" skipped="0">
  <testcase classname="com.ust.lenskart.testrunner.TestRunner" name="runScenario" time="19.008">
    <error type="java.lang.NullPointerException">
      <![CDATA[java.lang.NullPointerException
at java.base/java.util.Objects.requireNonNull(Objects.java:209)
at java.base/java.util.ImmutableCollections$Map1.<init>(ImmutableCollections.java:1105)
at java.base/java.util.Map.of(Map.java:1353)
at org.openqa.selenium.remote.DriverCommand.GET(DriverCommand.java:180)
at org.openqa.selenium.remote.RemoteWebDriver.get(RemoteWebDriver.java:300)
at org.openqa.selenium.remote.RemoteWebDriver$RemoteNavigation.to(RemoteWebDriver.java:1063)
at com.ust.lenskart.base.TestBase.navigateTo(TestBase.java:59)
at stepdefinitions.Hooks.setup(Hooks.java:22)
]]>
    </error>
  </testcase> <!-- runScenario -->
  <testcase classname="com.ust.lenskart.testrunner.TestRunner" name="runScenario" time="15.830">
    <error type="java.lang.NullPointerException">
      <![CDATA[java.lang.NullPointerException
at java.base/java.util.Objects.requireNonNull(Objects.java:209)
at java.base/java.util.ImmutableCollections$Map1.<init>(ImmutableCollections.java:1105)
at java.base/java.util.Map.of(Map.java:1353)
at org.openqa.selenium.remote.DriverCommand.GET(DriverCommand.java:180)
at org.openqa.selenium.remote.RemoteWebDriver.get(RemoteWebDriver.java:300)
at org.openqa.selenium.remote.RemoteWebDriver$RemoteNavigation.to(RemoteWebDriver.java:1063)
at com.ust.lenskart.base.TestBase.navigateTo(TestBase.java:59)
at stepdefinitions.Hooks.setup(Hooks.java:22)
]]>
    </error>
  </testcase> <!-- runScenario -->
  <testcase classname="com.ust.lenskart.testrunner.TestRunner" name="runScenario" time="41.220">
    <error type="java.lang.NullPointerException">
      <![CDATA[java.lang.NullPointerException
at java.base/java.util.Objects.requireNonNull(Objects.java:209)
at java.base/java.util.ImmutableCollections$Map1.<init>(ImmutableCollections.java:1105)
at java.base/java.util.Map.of(Map.java:1353)
at org.openqa.selenium.remote.DriverCommand.GET(DriverCommand.java:180)
at org.openqa.selenium.remote.RemoteWebDriver.get(RemoteWebDriver.java:300)
at org.openqa.selenium.remote.RemoteWebDriver$RemoteNavigation.to(RemoteWebDriver.java:1063)
at com.ust.lenskart.base.TestBase.navigateTo(TestBase.java:59)
at stepdefinitions.Hooks.setup(Hooks.java:22)
]]>
    </error>
  </testcase> <!-- runScenario -->
>>>>>>> finaltouch
</testsuite> <!-- com.ust.lenskart.testrunner.TestRunner -->
