<?xml version="1.0" encoding="UTF-8"?>
<!-- Generated by org.testng.reporters.JUnitReportReporter -->
<testsuite hostname="K473LTRV" failures="0" tests="1" name="com.ust.LenskartQA.testcases.Dummy" time="0.008" errors="0" timestamp="2024-04-22T12:29:11 IST" skipped="0">
  <testcase classname="com.ust.LenskartQA.testcases.Dummy" name="dummy" time="0.008"/>
</testsuite> <!-- com.ust.LenskartQA.testcases.Dummy -->
