<?xml version="1.0" encoding="UTF-8"?>
<!-- Generated by org.testng.reporters.JUnitReportReporter -->
<testsuite hostname="K425LTRV" failures="0" tests="2" name="com.ust.lenskart.testcases.StoreLocatorTest" time="23.162" errors="0" timestamp="2024-04-30T10:36:44 IST" skipped="0">
  <testcase classname="com.ust.lenskart.testcases.StoreLocatorTest" name="searchCity" time="10.305"/>
  <testcase classname="com.ust.lenskart.testcases.StoreLocatorTest" name="gotoLocator" time="12.857"/>
</testsuite> <!-- com.ust.lenskart.testcases.StoreLocatorTest -->
