<?xml version="1.0" encoding="UTF-8"?>
<!-- Generated by org.testng.reporters.JUnitReportReporter -->
<<<<<<< HEAD
<testsuite hostname="K473LTRV" failures="0" tests="2" name="com.ust.lenskart.testcases.TestWishListEmpty" time="13.248" errors="0" timestamp="2024-05-06T11:44:10 IST" skipped="0">
  <testcase classname="com.ust.lenskart.testcases.TestWishListEmpty" name="testEnterSearchBox" time="10.870"/>
  <testcase classname="com.ust.lenskart.testcases.TestWishListEmpty" name="testWishList" time="2.378"/>
=======
<testsuite hostname="K425LTRV" failures="0" tests="2" name="com.ust.lenskart.testcases.TestWishListEmpty" time="29.784" errors="0" timestamp="2024-05-06T15:12:20 IST" skipped="0">
  <testcase classname="com.ust.lenskart.testcases.TestWishListEmpty" name="testWishList" time="3.063"/>
  <testcase classname="com.ust.lenskart.testcases.TestWishListEmpty" name="testEnterSearchBox" time="26.721"/>
>>>>>>> finaltouch
</testsuite> <!-- com.ust.lenskart.testcases.TestWishListEmpty -->
