<?xml version="1.0" encoding="UTF-8"?>
<!-- Generated by org.testng.reporters.JUnitReportReporter -->
<testsuite hostname="K425LTRV" failures="0" tests="6" name="com.ust.lenskart.testcases.TestChatBot" time="55.175" errors="0" timestamp="2024-04-30T17:57:41 IST" skipped="0">
  <testcase classname="com.ust.lenskart.testcases.TestChatBot" name="testEnterSearchBox" time="1.159"/>
  <testcase classname="com.ust.lenskart.testcases.TestChatBot" name="testChatBot" time="6.950"/>
  <testcase classname="com.ust.lenskart.testcases.TestChatBot" name="testChatNewConversation" time="8.841"/>
  <testcase classname="com.ust.lenskart.testcases.TestChatBot" name="testChatBotSuggestion" time="14.872"/>
  <testcase classname="com.ust.lenskart.testcases.TestChatBot" name="testChatBotSuggestion" time="11.404"/>
  <testcase classname="com.ust.lenskart.testcases.TestChatBot" name="testChatBotSuggestion" time="11.949"/>
</testsuite> <!-- com.ust.lenskart.testcases.TestChatBot -->
