<?xml version="1.0" encoding="UTF-8"?>
<!-- Generated by org.testng.reporters.JUnitReportReporter -->
<testsuite hostname="K473LTRV" failures="0" tests="1" name="com.ust.lenskart.testcases.Demo" time="8.461" errors="0" timestamp="2024-04-23T09:56:14 IST" skipped="0">
  <testcase classname="com.ust.lenskart.testcases.Demo" name="demo" time="8.461"/>
</testsuite> <!-- com.ust.lenskart.testcases.Demo -->
