<?xml version="1.0" encoding="UTF-8"?>
<!-- Generated by org.testng.reporters.JUnitReportReporter -->
<testsuite hostname="K473LTRV" failures="0" tests="3" name="com.ust.lenskart.testcases.TestSortBy" time="117.342" errors="0" timestamp="2024-05-09T14:32:52 IST" skipped="0">
  <testcase classname="com.ust.lenskart.testcases.TestSortBy" name="testEnterSearchBox" time="7.249"/>
  <testcase classname="com.ust.lenskart.testcases.TestSortBy" name="TsetSortByLowToHigh" time="54.998"/>
  <testcase classname="com.ust.lenskart.testcases.TestSortBy" name="TsetSortByHighToLow" time="55.095"/>
</testsuite> <!-- com.ust.lenskart.testcases.TestSortBy -->
