<?xml version="1.0" encoding="UTF-8"?>
<!-- Generated by org.testng.reporters.JUnitReportReporter -->
<<<<<<< HEAD
<testsuite hostname="K473LTRV" failures="0" tests="6" name="com.ust.lenskart.testcases.TestChatBot" time="34.767" errors="0" timestamp="2024-05-06T11:44:10 IST" skipped="0">
  <testcase classname="com.ust.lenskart.testcases.TestChatBot" name="testEnterSearchBox" time="1.032"/>
  <testcase classname="com.ust.lenskart.testcases.TestChatBot" name="testChatBot" time="0.872"/>
  <testcase classname="com.ust.lenskart.testcases.TestChatBot" name="testChatNewConversation" time="4.050"/>
  <testcase classname="com.ust.lenskart.testcases.TestChatBot" name="testChatBotSuggestion" time="9.661"/>
  <testcase classname="com.ust.lenskart.testcases.TestChatBot" name="testChatBotSuggestion" time="9.728"/>
  <testcase classname="com.ust.lenskart.testcases.TestChatBot" name="testChatBotSuggestion" time="9.424"/>
=======
<testsuite hostname="K425LTRV" failures="0" tests="6" name="com.ust.lenskart.testcases.TestChatBot" time="43.469" errors="0" timestamp="2024-05-06T15:12:20 IST" skipped="0">
  <testcase classname="com.ust.lenskart.testcases.TestChatBot" name="testEnterSearchBox" time="1.745"/>
  <testcase classname="com.ust.lenskart.testcases.TestChatBot" name="testChatBot" time="2.737"/>
  <testcase classname="com.ust.lenskart.testcases.TestChatBot" name="testChatNewConversation" time="8.665"/>
  <testcase classname="com.ust.lenskart.testcases.TestChatBot" name="testChatBotSuggestion" time="9.976"/>
  <testcase classname="com.ust.lenskart.testcases.TestChatBot" name="testChatBotSuggestion" time="9.855"/>
  <testcase classname="com.ust.lenskart.testcases.TestChatBot" name="testChatBotSuggestion" time="10.491"/>
>>>>>>> finaltouch
</testsuite> <!-- com.ust.lenskart.testcases.TestChatBot -->
