<?xml version="1.0" encoding="UTF-8"?>
<!-- Generated by org.testng.reporters.JUnitReportReporter -->
<testsuite hostname="K473LTRV" failures="0" tests="2" name="com.ust.lenskart.testcases.TestAddingtoWishList" time="22.452" errors="0" timestamp="2024-05-09T14:32:52 IST" skipped="0">
  <testcase classname="com.ust.lenskart.testcases.TestAddingtoWishList" name="testEnterSearchBox" time="7.669"/>
  <testcase classname="com.ust.lenskart.testcases.TestAddingtoWishList" name="testAddingToWishList" time="14.783"/>
</testsuite> <!-- com.ust.lenskart.testcases.TestAddingtoWishList -->
