<?xml version="1.0" encoding="UTF-8"?>
<!-- Generated by org.testng.reporters.JUnitReportReporter -->
<testsuite hostname="K473LTRV" failures="0" tests="9" name="com.ust.lenskart.testrunner.TestRunner" time="209.698" errors="0" timestamp="2024-05-09T14:32:52 IST" skipped="0">
  <testcase classname="com.ust.lenskart.testrunner.TestRunner" name="runScenario" time="36.216"/>
  <testcase classname="com.ust.lenskart.testrunner.TestRunner" name="runScenario" time="16.701"/>
  <testcase classname="com.ust.lenskart.testrunner.TestRunner" name="runScenario" time="16.310"/>
  <testcase classname="com.ust.lenskart.testrunner.TestRunner" name="runScenario" time="15.252"/>
  <testcase classname="com.ust.lenskart.testrunner.TestRunner" name="runScenario" time="40.171"/>
  <testcase classname="com.ust.lenskart.testrunner.TestRunner" name="runScenario" time="14.890"/>
  <testcase classname="com.ust.lenskart.testrunner.TestRunner" name="runScenario" time="19.793"/>
  <testcase classname="com.ust.lenskart.testrunner.TestRunner" name="runScenario" time="33.998"/>
  <testcase classname="com.ust.lenskart.testrunner.TestRunner" name="runScenario" time="16.367"/>
</testsuite> <!-- com.ust.lenskart.testrunner.TestRunner -->
