<?xml version="1.0" encoding="UTF-8"?>
<!-- Generated by org.testng.reporters.JUnitReportReporter -->
<<<<<<< HEAD
<testsuite hostname="K425LTRV" failures="0" tests="5" name="com.ust.lenskart.testcases.TestRemovingFromWishList" time="58.258" errors="0" timestamp="2024-04-30T17:57:40 IST" skipped="0">
  <testcase classname="com.ust.lenskart.testcases.TestRemovingFromWishList" name="testEnterSearchBox" time="25.724"/>
  <testcase classname="com.ust.lenskart.testcases.TestRemovingFromWishList" name="testAddingToWishList" time="9.960"/>
  <testcase classname="com.ust.lenskart.testcases.TestRemovingFromWishList" name="testWishList" time="12.284"/>
  <testcase classname="com.ust.lenskart.testcases.TestRemovingFromWishList" name="testAddingToWishListAgain" time="8.403"/>
  <testcase classname="com.ust.lenskart.testcases.TestRemovingFromWishList" name="testWishListAgain" time="1.887"/>
=======
<testsuite hostname="K425LTRV" failures="0" tests="5" name="com.ust.lenskart.testcases.TestRemovingFromWishList" time="46.935" errors="0" timestamp="2024-04-30T22:20:28 IST" skipped="0">
  <testcase classname="com.ust.lenskart.testcases.TestRemovingFromWishList" name="testEnterSearchBox" time="15.409"/>
  <testcase classname="com.ust.lenskart.testcases.TestRemovingFromWishList" name="testAddingToWishList" time="9.465"/>
  <testcase classname="com.ust.lenskart.testcases.TestRemovingFromWishList" name="testWishList" time="9.567"/>
  <testcase classname="com.ust.lenskart.testcases.TestRemovingFromWishList" name="testAddingToWishListAgain" time="9.020"/>
  <testcase classname="com.ust.lenskart.testcases.TestRemovingFromWishList" name="testWishListAgain" time="3.474"/>
>>>>>>> searchitempage
</testsuite> <!-- com.ust.lenskart.testcases.TestRemovingFromWishList -->
