<?xml version="1.0" encoding="UTF-8"?>
<!-- Generated by org.testng.reporters.JUnitReportReporter -->
<testsuite hostname="K425LTRV" failures="0" tests="2" name="com.ust.lenskart.testcases.TestItemSearch" time="20.266" errors="0" timestamp="2024-04-30T22:42:15 IST" skipped="0">
  <testcase classname="com.ust.lenskart.testcases.TestItemSearch" name="testEnterSearchBox" time="12.146"/>
  <testcase classname="com.ust.lenskart.testcases.TestItemSearch" name="testInvalidSearchItem" time="8.120"/>
</testsuite> <!-- com.ust.lenskart.testcases.TestItemSearch -->
