<?xml version="1.0" encoding="UTF-8"?>
<!-- Generated by org.testng.reporters.JUnitReportReporter -->
<testsuite hostname="K425LTRV" failures="0" tests="2" name="com.ust.lenskart.testcases.TestWishListEmpty" time="52.956" errors="0" timestamp="2024-04-25T14:20:51 IST" skipped="0">
  <testcase classname="com.ust.lenskart.testcases.TestWishListEmpty" name="testEnterSearchBox" time="51.300"/>
  <testcase classname="com.ust.lenskart.testcases.TestWishListEmpty" name="testWishList" time="1.656"/>
</testsuite> <!-- com.ust.lenskart.testcases.TestWishListEmpty -->
