<?xml version="1.0" encoding="UTF-8"?>
<!-- Generated by org.testng.reporters.JUnitReportReporter -->
<testsuite hostname="K473LTRV" failures="0" tests="2" name="com.ust.lenskart.testcases.StoreLocatorTest" time="14.031" errors="0" timestamp="2024-04-24T10:02:10 IST" skipped="0">
  <testcase classname="com.ust.lenskart.testcases.StoreLocatorTest" name="searchCity" time="5.293"/>
  <testcase classname="com.ust.lenskart.testcases.StoreLocatorTest" name="gotoLocator" time="8.738"/>
</testsuite> <!-- com.ust.lenskart.testcases.StoreLocatorTest -->
