<?xml version="1.0" encoding="UTF-8"?>
<!-- Generated by org.testng.reporters.JUnitReportReporter -->
<testsuite hostname="K473LTRV" failures="0" tests="1" name="com.ust.lenskart.testrunner.TestRunner" time="30.690" errors="0" timestamp="2024-05-07T00:47:45 IST" skipped="0">
  <testcase classname="com.ust.lenskart.testrunner.TestRunner" name="runScenario" time="30.690"/>
</testsuite> <!-- com.ust.lenskart.testrunner.TestRunner -->
