<?xml version="1.0" encoding="UTF-8"?>
<!-- Generated by org.testng.reporters.JUnitReportReporter -->
<testsuite hostname="K473LTRV" failures="0" tests="1" name="com.ust.lenskart.testrunner.SpecialTestRunner" time="36.129" errors="0" timestamp="2024-04-29T10:46:36 IST" skipped="0">
  <testcase classname="com.ust.lenskart.testrunner.SpecialTestRunner" name="runScenario" time="36.129"/>
</testsuite> <!-- com.ust.lenskart.testrunner.SpecialTestRunner -->
