<?xml version="1.0" encoding="UTF-8"?>
<!-- Generated by org.testng.reporters.JUnitReportReporter -->
<testsuite hostname="K473LTRV" failures="0" tests="2" name="com.ust.lenskart.testcases.TestWishListEmpty" time="8.657" errors="0" timestamp="2024-05-06T09:44:58 IST" skipped="0">
  <testcase classname="com.ust.lenskart.testcases.TestWishListEmpty" name="testWishList" time="1.367"/>
  <testcase classname="com.ust.lenskart.testcases.TestWishListEmpty" name="testEnterSearchBox" time="7.290"/>
</testsuite> <!-- com.ust.lenskart.testcases.TestWishListEmpty -->
