<?xml version="1.0" encoding="UTF-8"?>
<!-- Generated by org.testng.reporters.JUnitReportReporter -->
<testsuite hostname="K473LTRV" failures="0" tests="2" name="com.ust.lenskart.testcases.TestItemSearch" time="13.898" errors="0" timestamp="2024-05-08T11:56:48 IST" skipped="0">
  <testcase classname="com.ust.lenskart.testcases.TestItemSearch" name="testEnterSearchBox" time="6.904"/>
  <testcase classname="com.ust.lenskart.testcases.TestItemSearch" name="testInvalidSearchItem" time="6.994"/>
</testsuite> <!-- com.ust.lenskart.testcases.TestItemSearch -->
