<?xml version="1.0" encoding="UTF-8"?>
<!-- Generated by org.testng.reporters.JUnitReportReporter -->
<testsuite hostname="K425LTRV" failures="0" tests="2" name="com.ust.lenskart.testcases.TestAddingtoWishList" time="24.096" errors="0" timestamp="2024-04-30T22:19:00 IST" skipped="0">
  <testcase classname="com.ust.lenskart.testcases.TestAddingtoWishList" name="testEnterSearchBox" time="14.720"/>
  <testcase classname="com.ust.lenskart.testcases.TestAddingtoWishList" name="testAssingToWishList" time="9.376"/>
</testsuite> <!-- com.ust.lenskart.testcases.TestAddingtoWishList -->
