<?xml version="1.0" encoding="UTF-8"?>
<!-- Generated by org.testng.reporters.JUnitReportReporter -->
<testsuite hostname="K425LTRV" failures="0" tests="3" name="com.ust.lenskart.testcases.TestRemovingFromWishList" time="68.534" errors="0" timestamp="2024-04-27T11:49:30 IST" skipped="0">
  <testcase classname="com.ust.lenskart.testcases.TestRemovingFromWishList" name="testEnterSearchBox" time="51.704"/>
  <testcase classname="com.ust.lenskart.testcases.TestRemovingFromWishList" name="testAddingToWishList" time="7.115"/>
  <testcase classname="com.ust.lenskart.testcases.TestRemovingFromWishList" name="testWishList" time="9.715"/>
</testsuite> <!-- com.ust.lenskart.testcases.TestRemovingFromWishList -->
