<?xml version="1.0" encoding="UTF-8"?>
<!-- Generated by org.testng.reporters.JUnitReportReporter -->
<<<<<<< HEAD
<testsuite hostname="K473LTRV" failures="0" tests="3" name="com.ust.lenskart.testcases.TestSortBy" time="118.144" errors="0" timestamp="2024-05-08T11:56:48 IST" skipped="0">
  <testcase classname="com.ust.lenskart.testcases.TestSortBy" name="testEnterSearchBox" time="10.339"/>
  <testcase classname="com.ust.lenskart.testcases.TestSortBy" name="TsetSortByLowToHigh" time="53.679"/>
  <testcase classname="com.ust.lenskart.testcases.TestSortBy" name="TsetSortByHighToLow" time="54.126"/>
=======
<testsuite hostname="K425LTRV" failures="0" tests="3" name="com.ust.lenskart.testcases.TestSortBy" time="139.157" errors="0" timestamp="2024-05-09T09:46:50 IST" skipped="0">
  <testcase classname="com.ust.lenskart.testcases.TestSortBy" name="testEnterSearchBox" time="18.425"/>
  <testcase classname="com.ust.lenskart.testcases.TestSortBy" name="TsetSortByLowToHigh" time="64.656"/>
  <testcase classname="com.ust.lenskart.testcases.TestSortBy" name="TsetSortByHighToLow" time="56.076"/>
>>>>>>> 36c51e9c26336e9bb1acda1c4fb64e72ded24ebf
</testsuite> <!-- com.ust.lenskart.testcases.TestSortBy -->
